Using pre-set license
Built from '2021.1/staging' branch; Version is '2021.1.5f1 (3737af19df53) revision 3618735'; Using compiler version '192528614'; Build Type 'Release'
OS: 'Windows 10 Home; OS build 19042.928; Version 2009; 64bit' Language: 'en' Physical Memory: 6021 MB
BatchMode: 1, IsHumanControllingUs: 0, StartBugReporterOnCrash: 0, Is64bit: 1, IsPro: 0

 COMMAND LINE ARGUMENTS:
C:\Users\darth\Documents\Game Dev\2021.1.5f1\Editor\Unity.exe
-adb2
-batchMode
-noUpm
-name
AssetImportWorker0
-projectPath
C:/Users/darth/Documents/Gravity-surge-game/Gravity surge
-logFile
Logs/AssetImportWorker0.log
-srvPort
54911
Successfully changed project path to: C:/Users/darth/Documents/Gravity-surge-game/Gravity surge
C:/Users/darth/Documents/Gravity-surge-game/Gravity surge
Using Asset Import Pipeline V2.
Refreshing native plugins compatible for Editor in 122.56 ms, found 2 plugins.
Preloading 0 native plugins for Editor in 0.00 ms.
Initialize engine version: 2021.1.5f1 (3737af19df53)
[Subsystems] Discovering subsystems at path C:/Users/darth/Documents/Game Dev/2021.1.5f1/Editor/Data/Resources/UnitySubsystems
[Subsystems] Discovering subsystems at path C:/Users/darth/Documents/Gravity-surge-game/Gravity surge/Assets
GfxDevice: creating device client; threaded=0; jobified=0
Direct3D:
    Version:  Direct3D 11.0 [level 11.1]
    Renderer: NVIDIA GeForce GTX 1050 (ID=0x1c91)
    Vendor:   NVIDIA
    VRAM:     2996 MB
    Driver:   27.21.14.6140
Initialize mono
Mono path[0] = 'C:/Users/darth/Documents/Game Dev/2021.1.5f1/Editor/Data/Managed'
Mono path[1] = 'C:/Users/darth/Documents/Game Dev/2021.1.5f1/Editor/Data/MonoBleedingEdge/lib/mono/unityjit'
Mono config path = 'C:/Users/darth/Documents/Game Dev/2021.1.5f1/Editor/Data/MonoBleedingEdge/etc'
Using monoOptions --debugger-agent=transport=dt_socket,embedding=1,server=y,suspend=n,address=127.0.0.1:56380
Begin MonoManager ReloadAssembly
Registering precompiled unity dll's ...
Register platform support module: C:/Users/darth/Documents/Game Dev/2021.1.5f1/Editor/Data/PlaybackEngines/WindowsStandaloneSupport/UnityEditor.WindowsStandalone.Extensions.dll
Registered in 0.003623 seconds.
Native extension for WindowsStandalone target not found
Refreshing native plugins compatible for Editor in 121.35 ms, found 2 plugins.
Preloading 0 native plugins for Editor in 0.00 ms.
Mono: successfully reloaded assembly
- Completed reload, in  1.876 seconds
Platform modules already initialized, skipping
Registering precompiled user dll's ...
Registered in 0.004593 seconds.
Begin MonoManager ReloadAssembly
Native extension for WindowsStandalone target not found
Refreshing native plugins compatible for Editor in 108.66 ms, found 2 plugins.
Preloading 0 native plugins for Editor in 0.00 ms.
Mono: successfully reloaded assembly
- Completed reload, in  1.549 seconds
Platform modules already initialized, skipping
========================================================================
Worker process is ready to serve import requests
Launched and connected shader compiler UnityShaderCompiler.exe after 0.07 seconds
Refreshing native plugins compatible for Editor in 0.88 ms, found 2 plugins.
Preloading 0 native plugins for Editor in 0.00 ms.
Unloading 3373 Unused Serialized files (Serialized files now loaded: 0)
System memory in use before: 127.9 MB.
System memory in use after: 128.1 MB.

Unloading 24 unused Assets to reduce memory usage. Loaded Objects now: 3830.
Total: 3.467400 ms (FindLiveObjects: 0.444100 ms CreateObjectMapping: 0.172600 ms MarkObjects: 2.731300 ms  DeleteObjects: 0.116000 ms)

========================================================================
Received Import Request.
  path: Assets/Scenes
  artifactKey: Guid(864f732e54691d44b97c794dead4a4ed) Importer(815301076,1909f56bfc062723c751e8b465ee728b)
Start importing Assets/Scenes using Guid(864f732e54691d44b97c794dead4a4ed) Importer(815301076,1909f56bfc062723c751e8b465ee728b)  -> (artifact id: '6a8c06137acc8a28deb00883181a1c7a') in 0.019769 seconds 
========================================================================
Received Import Request.
  Time since last request: 0.000345 seconds.
  path: Assets/Sprites/New Piskel (3).png
  artifactKey: Guid(bf6ec4c9d8ad2654cb1e8a02d2f5f1b6) Importer(815301076,1909f56bfc062723c751e8b465ee728b)
Start importing Assets/Sprites/New Piskel (3).png using Guid(bf6ec4c9d8ad2654cb1e8a02d2f5f1b6) Importer(815301076,1909f56bfc062723c751e8b465ee728b)  -> (artifact id: 'aee0b6e2bbca47c02c438ff5733f88b8') in 0.237454 seconds 
========================================================================
Received Import Request.
  Time since last request: 0.000338 seconds.
  path: Assets/Sprites
  artifactKey: Guid(df9e4e5f976f0454999916ba6b6de040) Importer(815301076,1909f56bfc062723c751e8b465ee728b)
Start importing Assets/Sprites using Guid(df9e4e5f976f0454999916ba6b6de040) Importer(815301076,1909f56bfc062723c751e8b465ee728b)  -> (artifact id: 'db7d19ce1dfab3b6370b4b13c01e6edf') in 0.010755 seconds 
========================================================================
Received Import Request.
  Time since last request: 28.007212 seconds.
  path: Assets/Sprites/New Piskel (8).png
  artifactKey: Guid(02b0f257ffe34534ca38826753aca3b5) Importer(815301076,1909f56bfc062723c751e8b465ee728b)
Start importing Assets/Sprites/New Piskel (8).png using Guid(02b0f257ffe34534ca38826753aca3b5) Importer(815301076,1909f56bfc062723c751e8b465ee728b)  -> (artifact id: '263420a0e5e36d1c245ced52c64b6146') in 0.028227 seconds 
========================================================================
Received Import Request.
  Time since last request: 15.013105 seconds.
  path: Assets/Sprites/New Piskel (7).png
  artifactKey: Guid(97432eb690e45c54c8eb70504148fe7d) Importer(815301076,1909f56bfc062723c751e8b465ee728b)
Start importing Assets/Sprites/New Piskel (7).png using Guid(97432eb690e45c54c8eb70504148fe7d) Importer(815301076,1909f56bfc062723c751e8b465ee728b)  -> (artifact id: 'e97dffd76bd513d54ed697f81aa4a2ba') in 0.039022 seconds 
========================================================================
Received Import Request.
  Time since last request: 15.584198 seconds.
  path: Assets/Sprites/New Piskel (7).png
  artifactKey: Guid(97432eb690e45c54c8eb70504148fe7d) Importer(815301076,1909f56bfc062723c751e8b465ee728b)
Start importing Assets/Sprites/New Piskel (7).png using Guid(97432eb690e45c54c8eb70504148fe7d) Importer(815301076,1909f56bfc062723c751e8b465ee728b)  -> (artifact id: '0ed576e3052869b64ce00eb3d2e2b911') in 0.025242 seconds 
========================================================================
Received Import Request.
  Time since last request: 7.740492 seconds.
  path: Assets/Sprites/New Piskel (7).png
  artifactKey: Guid(97432eb690e45c54c8eb70504148fe7d) Importer(815301076,1909f56bfc062723c751e8b465ee728b)
Start importing Assets/Sprites/New Piskel (7).png using Guid(97432eb690e45c54c8eb70504148fe7d) Importer(815301076,1909f56bfc062723c751e8b465ee728b)  -> (artifact id: 'e28516ffaa3ee3a5e9a72bb8eb64d786') in 0.044049 seconds 
========================================================================
Received Prepare
Registering precompiled user dll's ...
Registered in 0.004291 seconds.
Begin MonoManager ReloadAssembly
Native extension for WindowsStandalone target not found
Refreshing native plugins compatible for Editor in 1.46 ms, found 2 plugins.
Preloading 0 native plugins for Editor in 0.00 ms.
Mono: successfully reloaded assembly
- Completed reload, in  1.512 seconds
Platform modules already initialized, skipping
Refreshing native plugins compatible for Editor in 0.80 ms, found 2 plugins.
Preloading 0 native plugins for Editor in 0.00 ms.
Unloading 3365 Unused Serialized files (Serialized files now loaded: 0)
System memory in use before: 135.4 MB.
System memory in use after: 135.7 MB.

Unloading 12 unused Assets to reduce memory usage. Loaded Objects now: 3918.
Total: 4.032600 ms (FindLiveObjects: 0.663700 ms CreateObjectMapping: 0.291300 ms MarkObjects: 3.044500 ms  DeleteObjects: 0.030900 ms)

========================================================================
Received Prepare
Registering precompiled user dll's ...
Registered in 0.004766 seconds.
Begin MonoManager ReloadAssembly
Native extension for WindowsStandalone target not found
Refreshing native plugins compatible for Editor in 0.79 ms, found 2 plugins.
Preloading 0 native plugins for Editor in 0.00 ms.
Mono: successfully reloaded assembly
- Completed reload, in  1.295 seconds
Platform modules already initialized, skipping
Refreshing native plugins compatible for Editor in 0.82 ms, found 2 plugins.
Preloading 0 native plugins for Editor in 0.00 ms.
Unloading 3363 Unused Serialized files (Serialized files now loaded: 0)
System memory in use before: 135.4 MB.
System memory in use after: 135.6 MB.

Unloading 12 unused Assets to reduce memory usage. Loaded Objects now: 3922.
Total: 4.916500 ms (FindLiveObjects: 0.637200 ms CreateObjectMapping: 0.474100 ms MarkObjects: 3.775200 ms  DeleteObjects: 0.027800 ms)

========================================================================
Received Prepare
Registering precompiled user dll's ...
Registered in 0.005860 seconds.
Begin MonoManager ReloadAssembly
Native extension for WindowsStandalone target not found
Refreshing native plugins compatible for Editor in 1.29 ms, found 2 plugins.
Preloading 0 native plugins for Editor in 0.00 ms.
Mono: successfully reloaded assembly
- Completed reload, in  1.361 seconds
Platform modules already initialized, skipping
Refreshing native plugins compatible for Editor in 0.79 ms, found 2 plugins.
Preloading 0 native plugins for Editor in 0.00 ms.
Unloading 3363 Unused Serialized files (Serialized files now loaded: 0)
System memory in use before: 135.4 MB.
System memory in use after: 135.7 MB.

Unloading 12 unused Assets to reduce memory usage. Loaded Objects now: 3926.
Total: 4.183100 ms (FindLiveObjects: 0.356400 ms CreateObjectMapping: 0.094700 ms MarkObjects: 3.696700 ms  DeleteObjects: 0.033500 ms)

========================================================================
Received Prepare
Registering precompiled user dll's ...
Registered in 0.007463 seconds.
Begin MonoManager ReloadAssembly
Native extension for WindowsStandalone target not found
Refreshing native plugins compatible for Editor in 0.81 ms, found 2 plugins.
Preloading 0 native plugins for Editor in 0.00 ms.
Mono: successfully reloaded assembly
- Completed reload, in  1.537 seconds
Platform modules already initialized, skipping
Refreshing native plugins compatible for Editor in 1.52 ms, found 2 plugins.
Preloading 0 native plugins for Editor in 0.00 ms.
Unloading 3363 Unused Serialized files (Serialized files now loaded: 0)
System memory in use before: 135.5 MB.
System memory in use after: 135.7 MB.

Unloading 12 unused Assets to reduce memory usage. Loaded Objects now: 3930.
Total: 6.464800 ms (FindLiveObjects: 0.654100 ms CreateObjectMapping: 0.822600 ms MarkObjects: 4.933300 ms  DeleteObjects: 0.052700 ms)

========================================================================
Received Prepare
Registering precompiled user dll's ...
Registered in 0.004336 seconds.
Begin MonoManager ReloadAssembly
Native extension for WindowsStandalone target not found
Refreshing native plugins compatible for Editor in 0.76 ms, found 2 plugins.
Preloading 0 native plugins for Editor in 0.00 ms.
Mono: successfully reloaded assembly
- Completed reload, in  1.260 seconds
Platform modules already initialized, skipping
Refreshing native plugins compatible for Editor in 0.76 ms, found 2 plugins.
Preloading 0 native plugins for Editor in 0.00 ms.
Unloading 3363 Unused Serialized files (Serialized files now loaded: 0)
System memory in use before: 135.5 MB.
System memory in use after: 135.7 MB.

Unloading 12 unused Assets to reduce memory usage. Loaded Objects now: 3934.
Total: 4.144900 ms (FindLiveObjects: 0.419500 ms CreateObjectMapping: 0.134000 ms MarkObjects: 3.549100 ms  DeleteObjects: 0.039900 ms)

========================================================================
Received Prepare
Registering precompiled user dll's ...
Registered in 0.004202 seconds.
Begin MonoManager ReloadAssembly
Native extension for WindowsStandalone target not found
Refreshing native plugins compatible for Editor in 1.06 ms, found 2 plugins.
Preloading 0 native plugins for Editor in 0.00 ms.
Mono: successfully reloaded assembly
- Completed reload, in  1.448 seconds
Platform modules already initialized, skipping
Refreshing native plugins compatible for Editor in 0.87 ms, found 2 plugins.
Preloading 0 native plugins for Editor in 0.00 ms.
Unloading 3363 Unused Serialized files (Serialized files now loaded: 0)
System memory in use before: 135.5 MB.
System memory in use after: 135.7 MB.

Unloading 12 unused Assets to reduce memory usage. Loaded Objects now: 3938.
Total: 3.594500 ms (FindLiveObjects: 0.407500 ms CreateObjectMapping: 0.097700 ms MarkObjects: 3.051400 ms  DeleteObjects: 0.035600 ms)

AssetImportWorkerClient::OnTransportError - code=2 error=End of file
